<?xml version="1.0"?>
<coverage version="7.5.0" timestamp="1713993993546" lines-valid="22" lines-covered="16" line-rate="0.7273" branches-covered="0" branches-valid="0" branch-rate="0" complexity="0">
  <!-- Generated by coverage.py: https://coverage.readthedocs.io/en/7.5.0 -->
  <!-- Based on https://raw.githubusercontent.com/cobertura/web/master/htdocs/xml/coverage-04.dtd -->
  <sources>
    <source>/Users/almazilaletdinov/code/moment/tmp_project</source>
  </sources>
  <packages>
    <package name="." line-rate="0.7273" branch-rate="0" complexity="0">
      <classes>
        <class name="bar.py" filename="bar.py" complexity="0" line-rate="0.6667" branch-rate="0">
          <methods/>
          <lines>
            <line number="1" hits="1"/>
            <line number="2" hits="1"/>
            <line number="3" hits="1"/>
            <line number="4" hits="0"/>
            <line number="5" hits="0"/>
            <line number="7" hits="1"/>
          </lines>
        </class>
        <class name="foo.py" filename="foo.py" complexity="0" line-rate="0.5" branch-rate="0">
          <methods/>
          <lines>
            <line number="1" hits="1"/>
            <line number="2" hits="1"/>
            <line number="3" hits="1"/>
            <line number="4" hits="1"/>
            <line number="6" hits="0"/>
            <line number="8" hits="0"/>
            <line number="9" hits="0"/>
            <line number="11" hits="0"/>
          </lines>
        </class>
        <class name="test.py" filename="test.py" complexity="0" line-rate="1" branch-rate="0">
          <methods/>
          <lines>
            <line number="1" hits="1"/>
            <line number="2" hits="1"/>
            <line number="5" hits="1"/>
            <line number="6" hits="1"/>
            <line number="8" hits="1"/>
            <line number="11" hits="1"/>
            <line number="12" hits="1"/>
            <line number="14" hits="1"/>
          </lines>
        </class>
      </classes>
    </package>
  </packages>
</coverage>
